mode: count
user-server/profile/db/initializer.go:13.35,29.16 5 0
user-server/profile/db/initializer.go:29.16,31.3 1 0
user-server/profile/db/initializer.go:32.2,33.16 2 0
user-server/profile/db/initializer.go:33.16,35.3 1 0
user-server/profile/db/mongo.go:17.77,21.2 1 8
user-server/profile/db/mongo.go:23.82,30.2 4 9
user-server/profile/db/mongo.go:32.42,34.32 2 10
user-server/profile/db/mongo.go:34.32,36.3 1 10
user-server/profile/db/mongo.go:37.2,37.31 1 10
user-server/profile/db/mongo.go:37.31,39.3 1 6
user-server/profile/db/mongo.go:40.2,40.30 1 10
user-server/profile/db/mongo.go:40.30,42.3 1 9
user-server/profile/db/mongo.go:43.2,43.37 1 10
user-server/profile/db/mongo.go:43.37,45.3 1 1
user-server/profile/db/mongo.go:46.2,46.52 1 10
user-server/profile/db/mongo.go:49.88,55.16 4 6
user-server/profile/db/mongo.go:55.16,56.43 1 2
user-server/profile/db/mongo.go:56.43,58.4 1 2
user-server/profile/db/mongo.go:59.3,59.18 1 0
user-server/profile/db/mongo.go:61.2,61.22 1 4
user-server/profile/db/mongo.go:65.36,76.42 4 6
user-server/profile/db/mongo.go:76.42,80.3 1 2
user-server/profile/db/mongo.go:81.2,81.21 1 4
user-server/profile/db/mongo.go:84.79,89.16 3 3
user-server/profile/db/mongo.go:89.16,91.3 1 0
user-server/profile/db/mongo.go:93.2,93.30 1 3
user-server/profile/db/mongo.go:93.30,95.3 1 1
user-server/profile/db/mongo.go:96.2,96.12 1 2
user-server/signup/db/initializer.go:12.63,21.16 3 0
user-server/signup/db/initializer.go:21.16,23.3 1 0
user-server/signup/db/initializer.go:25.2,26.16 2 0
user-server/signup/db/initializer.go:26.16,28.3 1 0
user-server/signup/db/mongo.go:15.70,17.2 1 17
user-server/signup/db/mongo.go:19.73,21.16 2 19
user-server/signup/db/mongo.go:21.16,22.37 1 1
user-server/signup/db/mongo.go:22.37,24.4 1 1
user-server/signup/db/mongo.go:25.3,25.13 1 0
user-server/signup/db/mongo.go:27.2,27.12 1 18
user-server/signup/db/mongo.go:30.82,34.16 4 8
user-server/signup/db/mongo.go:34.16,35.43 1 2
user-server/signup/db/mongo.go:35.43,37.4 1 2
user-server/signup/db/mongo.go:38.3,38.18 1 0
user-server/signup/db/mongo.go:40.2,40.19 1 6
user-server/signup/db/mongo.go:43.113,51.16 4 7
user-server/signup/db/mongo.go:51.16,52.43 1 2
user-server/signup/db/mongo.go:52.43,54.4 1 2
user-server/signup/db/mongo.go:55.3,55.18 1 0
user-server/signup/db/mongo.go:57.2,57.19 1 5
user-server/signup/db/mongo.go:60.92,64.16 4 4
user-server/signup/db/mongo.go:64.16,65.37 1 1
user-server/signup/db/mongo.go:65.37,67.4 1 1
user-server/signup/db/mongo.go:68.3,68.13 1 0
user-server/signup/db/mongo.go:70.2,70.12 1 3
user-server/signup/db/mongo.go:73.120,77.16 4 3
user-server/signup/db/mongo.go:77.16,78.37 1 0
user-server/signup/db/mongo.go:78.37,80.4 1 0
user-server/signup/db/mongo.go:81.3,81.13 1 0
user-server/signup/db/mongo.go:83.2,83.12 1 3
user-server/signup/db/mongo.go:86.84,89.16 3 5
user-server/signup/db/mongo.go:89.16,91.3 1 0
user-server/signup/db/mongo.go:92.2,92.36 1 5
user-server/signup/db/mongo.go:92.36,94.3 1 2
user-server/signup/db/mongo.go:95.2,95.12 1 3
user-server/signup/db/mongo.go:98.76,101.16 3 6
user-server/signup/db/mongo.go:101.16,103.3 1 0
user-server/signup/db/mongo.go:104.2,104.36 1 6
user-server/signup/db/mongo.go:104.36,106.3 1 3
user-server/signup/db/mongo.go:107.2,107.12 1 3
user-server/signup/db/mongo.go:110.89,113.16 3 8
user-server/signup/db/mongo.go:113.16,115.3 1 0
user-server/signup/db/mongo.go:116.2,116.24 1 8
user-server/signup/db/mongo.go:119.115,126.16 3 4
user-server/signup/db/mongo.go:126.16,128.3 1 0
user-server/signup/db/mongo.go:129.2,129.24 1 4
user-server/signup/db/mongo.go:132.45,137.2 1 23
