mode: set
user-server/signup/db/initializer.go:12.63,21.16 3 0
user-server/signup/db/initializer.go:21.16,23.3 1 0
user-server/signup/db/initializer.go:25.2,26.16 2 0
user-server/signup/db/initializer.go:26.16,28.3 1 0
user-server/signup/db/mongo.go:15.70,17.2 1 1
user-server/signup/db/mongo.go:19.73,21.16 2 1
user-server/signup/db/mongo.go:21.16,22.37 1 1
user-server/signup/db/mongo.go:22.37,24.4 1 1
user-server/signup/db/mongo.go:25.3,25.13 1 0
user-server/signup/db/mongo.go:27.2,27.12 1 1
user-server/signup/db/mongo.go:30.82,34.16 4 1
user-server/signup/db/mongo.go:34.16,35.43 1 1
user-server/signup/db/mongo.go:35.43,37.4 1 1
user-server/signup/db/mongo.go:38.3,38.18 1 0
user-server/signup/db/mongo.go:40.2,40.19 1 1
user-server/signup/db/mongo.go:43.113,51.16 4 1
user-server/signup/db/mongo.go:51.16,52.43 1 1
user-server/signup/db/mongo.go:52.43,54.4 1 1
user-server/signup/db/mongo.go:55.3,55.18 1 0
user-server/signup/db/mongo.go:57.2,57.19 1 1
user-server/signup/db/mongo.go:60.92,64.16 4 1
user-server/signup/db/mongo.go:64.16,65.37 1 1
user-server/signup/db/mongo.go:65.37,67.4 1 1
user-server/signup/db/mongo.go:68.3,68.13 1 0
user-server/signup/db/mongo.go:70.2,70.12 1 1
user-server/signup/db/mongo.go:73.120,77.16 4 1
user-server/signup/db/mongo.go:77.16,78.37 1 0
user-server/signup/db/mongo.go:78.37,80.4 1 0
user-server/signup/db/mongo.go:81.3,81.13 1 0
user-server/signup/db/mongo.go:83.2,83.12 1 1
user-server/signup/db/mongo.go:86.84,89.16 3 1
user-server/signup/db/mongo.go:89.16,91.3 1 0
user-server/signup/db/mongo.go:92.2,92.36 1 1
user-server/signup/db/mongo.go:92.36,94.3 1 1
user-server/signup/db/mongo.go:95.2,95.12 1 1
user-server/signup/db/mongo.go:98.76,101.16 3 1
user-server/signup/db/mongo.go:101.16,103.3 1 0
user-server/signup/db/mongo.go:104.2,104.36 1 1
user-server/signup/db/mongo.go:104.36,106.3 1 1
user-server/signup/db/mongo.go:107.2,107.12 1 1
user-server/signup/db/mongo.go:110.89,113.16 3 1
user-server/signup/db/mongo.go:113.16,115.3 1 0
user-server/signup/db/mongo.go:116.2,116.24 1 1
user-server/signup/db/mongo.go:119.115,126.16 3 1
user-server/signup/db/mongo.go:126.16,128.3 1 0
user-server/signup/db/mongo.go:129.2,129.24 1 1
user-server/signup/db/mongo.go:132.45,137.2 1 1
user-server/endpoints/db/initializer.go:13.35,23.16 4 0
user-server/endpoints/db/initializer.go:23.16,25.3 1 0
user-server/endpoints/db/initializer.go:26.2,27.16 2 0
user-server/endpoints/db/initializer.go:27.16,29.3 1 0
user-server/endpoints/db/mongo.go:16.65,18.2 1 1
user-server/endpoints/db/mongo.go:20.77,23.27 2 1
user-server/endpoints/db/mongo.go:23.27,36.3 4 1
user-server/endpoints/db/mongo.go:39.2,40.12 2 1
user-server/endpoints/db/mongo.go:43.86,50.16 4 1
user-server/endpoints/db/mongo.go:50.16,51.43 1 1
user-server/endpoints/db/mongo.go:51.43,53.4 1 1
user-server/endpoints/db/mongo.go:54.3,54.18 1 0
user-server/endpoints/db/mongo.go:56.2,56.21 1 1
user-server/endpoints/db/mongo.go:59.86,63.16 3 1
user-server/endpoints/db/mongo.go:63.16,64.43 1 0
user-server/endpoints/db/mongo.go:64.43,66.4 1 0
user-server/endpoints/db/mongo.go:67.3,67.18 1 0
user-server/endpoints/db/mongo.go:70.2,72.24 3 1
user-server/endpoints/db/mongo.go:72.24,75.17 3 1
user-server/endpoints/db/mongo.go:75.17,77.4 1 0
user-server/endpoints/db/mongo.go:79.3,79.40 1 1
user-server/endpoints/db/mongo.go:81.2,81.22 1 1
user-server/endpoints/db/mongo.go:84.77,89.16 3 1
user-server/endpoints/db/mongo.go:89.16,90.43 1 0
user-server/endpoints/db/mongo.go:90.43,92.4 1 0
user-server/endpoints/db/mongo.go:93.3,93.13 1 0
user-server/endpoints/db/mongo.go:95.2,95.12 1 1
user-server/endpoints/db/mongo.go:98.38,100.22 2 1
user-server/endpoints/db/mongo.go:100.22,102.3 1 1
user-server/endpoints/db/mongo.go:103.2,103.22 1 1
user-server/endpoints/db/mongo.go:103.22,105.3 1 1
user-server/endpoints/db/mongo.go:106.2,106.26 1 1
user-server/endpoints/db/mongo.go:106.26,108.3 1 1
user-server/endpoints/db/mongo.go:109.2,109.46 1 1
user-server/profile/db/initializer.go:13.35,29.16 5 0
user-server/profile/db/initializer.go:29.16,31.3 1 0
user-server/profile/db/initializer.go:32.2,33.16 2 0
user-server/profile/db/initializer.go:33.16,35.3 1 0
user-server/profile/db/mongo.go:17.77,21.2 1 1
user-server/profile/db/mongo.go:23.82,30.2 4 1
user-server/profile/db/mongo.go:32.42,34.32 2 1
user-server/profile/db/mongo.go:34.32,36.3 1 1
user-server/profile/db/mongo.go:37.2,37.31 1 1
user-server/profile/db/mongo.go:37.31,39.3 1 1
user-server/profile/db/mongo.go:40.2,40.30 1 1
user-server/profile/db/mongo.go:40.30,42.3 1 1
user-server/profile/db/mongo.go:43.2,43.37 1 1
user-server/profile/db/mongo.go:43.37,45.3 1 1
user-server/profile/db/mongo.go:46.2,46.52 1 1
user-server/profile/db/mongo.go:49.88,55.16 4 1
user-server/profile/db/mongo.go:55.16,56.43 1 1
user-server/profile/db/mongo.go:56.43,58.4 1 1
user-server/profile/db/mongo.go:59.3,59.18 1 0
user-server/profile/db/mongo.go:61.2,61.22 1 1
user-server/profile/db/mongo.go:65.36,76.42 4 1
user-server/profile/db/mongo.go:76.42,80.3 1 1
user-server/profile/db/mongo.go:81.2,81.21 1 1
user-server/profile/db/mongo.go:84.79,89.16 3 1
user-server/profile/db/mongo.go:89.16,91.3 1 0
user-server/profile/db/mongo.go:93.2,93.30 1 1
user-server/profile/db/mongo.go:93.30,95.3 1 1
user-server/profile/db/mongo.go:96.2,96.12 1 1
user-server/signup/db/initializer.go:12.63,21.16 3 0
user-server/signup/db/initializer.go:21.16,23.3 1 0
user-server/signup/db/initializer.go:25.2,26.16 2 0
user-server/signup/db/initializer.go:26.16,28.3 1 0
user-server/signup/db/mongo.go:15.70,17.2 1 1
user-server/signup/db/mongo.go:19.73,21.16 2 1
user-server/signup/db/mongo.go:21.16,22.37 1 1
user-server/signup/db/mongo.go:22.37,24.4 1 1
user-server/signup/db/mongo.go:25.3,25.13 1 0
user-server/signup/db/mongo.go:27.2,27.12 1 1
user-server/signup/db/mongo.go:30.82,34.16 4 1
user-server/signup/db/mongo.go:34.16,35.43 1 1
user-server/signup/db/mongo.go:35.43,37.4 1 1
user-server/signup/db/mongo.go:38.3,38.18 1 0
user-server/signup/db/mongo.go:40.2,40.19 1 1
user-server/signup/db/mongo.go:43.113,51.16 4 1
user-server/signup/db/mongo.go:51.16,52.43 1 1
user-server/signup/db/mongo.go:52.43,54.4 1 1
user-server/signup/db/mongo.go:55.3,55.18 1 0
user-server/signup/db/mongo.go:57.2,57.19 1 1
user-server/signup/db/mongo.go:60.92,64.16 4 1
user-server/signup/db/mongo.go:64.16,65.37 1 1
user-server/signup/db/mongo.go:65.37,67.4 1 1
user-server/signup/db/mongo.go:68.3,68.13 1 0
user-server/signup/db/mongo.go:70.2,70.12 1 1
user-server/signup/db/mongo.go:73.120,77.16 4 1
user-server/signup/db/mongo.go:77.16,78.37 1 0
user-server/signup/db/mongo.go:78.37,80.4 1 0
user-server/signup/db/mongo.go:81.3,81.13 1 0
user-server/signup/db/mongo.go:83.2,83.12 1 1
user-server/signup/db/mongo.go:86.84,89.16 3 1
user-server/signup/db/mongo.go:89.16,91.3 1 0
user-server/signup/db/mongo.go:92.2,92.36 1 1
user-server/signup/db/mongo.go:92.36,94.3 1 1
user-server/signup/db/mongo.go:95.2,95.12 1 1
user-server/signup/db/mongo.go:98.76,101.16 3 1
user-server/signup/db/mongo.go:101.16,103.3 1 0
user-server/signup/db/mongo.go:104.2,104.36 1 1
user-server/signup/db/mongo.go:104.36,106.3 1 1
user-server/signup/db/mongo.go:107.2,107.12 1 1
user-server/signup/db/mongo.go:110.89,113.16 3 1
user-server/signup/db/mongo.go:113.16,115.3 1 0
user-server/signup/db/mongo.go:116.2,116.24 1 1
user-server/signup/db/mongo.go:119.115,126.16 3 1
user-server/signup/db/mongo.go:126.16,128.3 1 0
user-server/signup/db/mongo.go:129.2,129.24 1 1
user-server/signup/db/mongo.go:132.45,137.2 1 1
user-server/endpoints/db/initializer.go:13.35,23.16 4 0
user-server/endpoints/db/initializer.go:23.16,25.3 1 0
user-server/endpoints/db/initializer.go:26.2,27.16 2 0
user-server/endpoints/db/initializer.go:27.16,29.3 1 0
user-server/endpoints/db/mongo.go:16.65,18.2 1 1
user-server/endpoints/db/mongo.go:20.77,23.27 2 1
user-server/endpoints/db/mongo.go:23.27,36.3 4 1
user-server/endpoints/db/mongo.go:39.2,40.12 2 1
user-server/endpoints/db/mongo.go:43.86,50.16 4 1
user-server/endpoints/db/mongo.go:50.16,51.43 1 1
user-server/endpoints/db/mongo.go:51.43,53.4 1 1
user-server/endpoints/db/mongo.go:54.3,54.18 1 0
user-server/endpoints/db/mongo.go:56.2,56.21 1 1
user-server/endpoints/db/mongo.go:59.86,63.16 3 1
user-server/endpoints/db/mongo.go:63.16,64.43 1 0
user-server/endpoints/db/mongo.go:64.43,66.4 1 0
user-server/endpoints/db/mongo.go:67.3,67.18 1 0
user-server/endpoints/db/mongo.go:70.2,72.24 3 1
user-server/endpoints/db/mongo.go:72.24,75.17 3 1
user-server/endpoints/db/mongo.go:75.17,77.4 1 0
user-server/endpoints/db/mongo.go:79.3,79.40 1 1
user-server/endpoints/db/mongo.go:81.2,81.22 1 1
user-server/endpoints/db/mongo.go:84.77,89.16 3 1
user-server/endpoints/db/mongo.go:89.16,90.43 1 0
user-server/endpoints/db/mongo.go:90.43,92.4 1 0
user-server/endpoints/db/mongo.go:93.3,93.13 1 0
user-server/endpoints/db/mongo.go:95.2,95.12 1 1
user-server/endpoints/db/mongo.go:98.38,100.22 2 1
user-server/endpoints/db/mongo.go:100.22,102.3 1 1
user-server/endpoints/db/mongo.go:103.2,103.22 1 1
user-server/endpoints/db/mongo.go:103.22,105.3 1 1
user-server/endpoints/db/mongo.go:106.2,106.26 1 1
user-server/endpoints/db/mongo.go:106.26,108.3 1 1
user-server/endpoints/db/mongo.go:109.2,109.46 1 1
user-server/profile/db/initializer.go:13.35,29.16 5 0
user-server/profile/db/initializer.go:29.16,31.3 1 0
user-server/profile/db/initializer.go:32.2,33.16 2 0
user-server/profile/db/initializer.go:33.16,35.3 1 0
user-server/profile/db/mongo.go:17.77,21.2 1 1
user-server/profile/db/mongo.go:23.82,30.2 4 1
user-server/profile/db/mongo.go:32.42,34.32 2 1
user-server/profile/db/mongo.go:34.32,36.3 1 1
user-server/profile/db/mongo.go:37.2,37.31 1 1
user-server/profile/db/mongo.go:37.31,39.3 1 1
user-server/profile/db/mongo.go:40.2,40.30 1 1
user-server/profile/db/mongo.go:40.30,42.3 1 1
user-server/profile/db/mongo.go:43.2,43.37 1 1
user-server/profile/db/mongo.go:43.37,45.3 1 1
user-server/profile/db/mongo.go:46.2,46.52 1 1
user-server/profile/db/mongo.go:49.88,55.16 4 1
user-server/profile/db/mongo.go:55.16,56.43 1 1
user-server/profile/db/mongo.go:56.43,58.4 1 1
user-server/profile/db/mongo.go:59.3,59.18 1 0
user-server/profile/db/mongo.go:61.2,61.22 1 1
user-server/profile/db/mongo.go:65.36,76.42 4 1
user-server/profile/db/mongo.go:76.42,80.3 1 1
user-server/profile/db/mongo.go:81.2,81.21 1 1
user-server/profile/db/mongo.go:84.79,89.16 3 1
user-server/profile/db/mongo.go:89.16,91.3 1 0
user-server/profile/db/mongo.go:93.2,93.30 1 1
user-server/profile/db/mongo.go:93.30,95.3 1 1
user-server/profile/db/mongo.go:96.2,96.12 1 1
